<?xml version="1.0" encoding="UTF-8" ?>
<testsuite errors="0" failures="0" hostname="DESKTOP-1T9H56S" name="test.testwith" skipped="0" tests="1" time="51.635" timestamp="2018-04-06T18:23:52">
  <properties>
[...]
</properties>
  <testcase classname="test.testwith" name="test" time="51.482" />
  <system-out><![CDATA[Login
]]></system-out>
  <system-err><![CDATA[1523039033927	geckodriver	INFO	geckodriver 0.20.0 (0ac3698a74a7b1a742682b8e704f1f418df827ed 2018-03-13)
1523039033935	geckodriver	INFO	Listening on 127.0.0.1:18004
1523039034882	mozrunner::runner	INFO	Running command: "C:\\Program Files\\Mozilla Firefox\\firefox.exe" "-marionette" "-profile" "C:\\Users\\Hi-Tech\\AppData\\Local\\Temp\\rust_mozprofile.M6vC7guWqn5v"
Unable to read VR Path Registry from C:\Users\Hi-Tech\AppData\Local\openvr\openvrpaths.vrpath
1523039036774	Marionette	INFO	Enabled via --marionette
Unable to read VR Path Registry from C:\Users\Hi-Tech\AppData\Local\openvr\openvrpaths.vrpath
Unable to read VR Path Registry from C:\Users\Hi-Tech\AppData\Local\openvr\openvrpaths.vrpath
1523039040996	Marionette	INFO	Listening on port 58726
1523039041222	Marionette	WARN	TLS certificate errors will be ignored for this session
Unable to read VR Path Registry from C:\Users\Hi-Tech\AppData\Local\openvr\openvrpaths.vrpath
أبر 06, 2018 9:24:05 م org.openqa.selenium.remote.ProtocolHandshake createSession
INFO: Detected dialect: W3C
Unable to read VR Path Registry from C:\Users\Hi-Tech\AppData\Local\openvr\openvrpaths.vrpath
]]></system-err>
</testsuite>
